<?xml version="1.0" encoding="UTF-8"?>
<!-- Generated by org.testng.reporters.JUnitXMLReporter -->
<testsuite ignored="0" hostname="VivoLaViva" failures="0" tests="7" name="UI Smoke" time="15.047" errors="0" timestamp="2025-12-29T11:36:49 CET">
  <testcase classname="org.example.HeadingsTest" name="headingsArePresentAndNonEmpty" time="4.47"/>
  <testcase classname="org.example.HeadingsTest" name="headingsArePresentAndNonEmpty" time="1.395"/>
  <testcase classname="org.example.HeadingsTest" name="headingsArePresentAndNonEmpty" time="1.349"/>
  <testcase classname="org.example.HeadingsTest" name="headingsArePresentAndNonEmpty" time="1.383"/>
  <testcase classname="org.example.HeadingsTest" name="headingsArePresentAndNonEmpty" time="1.308"/>
  <testcase classname="org.example.HeadingsTest" name="headingsArePresentAndNonEmpty" time="1.587"/>
  <testcase classname="org.example.HeadingsTest" name="headingsArePresentAndNonEmpty" time="1.372"/>
</testsuite> <!-- UI Smoke -->
