<?xml version="1.0" encoding="UTF-8"?>
<testsuite xmlns:xsi="http://www.w3.org/2001/XMLSchema-instance" xsi:noNamespaceSchemaLocation="https://maven.apache.org/surefire/maven-surefire-plugin/xsd/surefire-test-report.xsd" version="3.0.2" name="TestSuite" time="18.916" tests="7" errors="0" skipped="0" failures="0">
  <properties>
[...]
</properties>
  <testcase name="headingsArePresentAndNonEmpty[home, https://jiteconsult.com/](1)" classname="org.example.HeadingsTest" time="4.487">
    <system-out><![CDATA[
=== home === https://jiteconsult.com/
H1 visible non-empty: tag=1, aria(level=1)=1
Headings found: 2
 - From Tech Chaos to Business Clarity: Expert Guidance for Entrepreneurs at Every Stage
 - Unlock Your Business Flow: Mastering Funnels, Automations & Essential Tools
]]></system-out>
  </testcase>
  <testcase name="headingsArePresentAndNonEmpty[how-it-works, https://jiteconsult.com/how-it-works](2)" classname="org.example.HeadingsTest" time="1.398">
    <system-out><![CDATA[
=== how-it-works === https://jiteconsult.com/how-it-works
H1 visible non-empty: tag=1, aria(level=1)=1
Headings found: 5
 - How it works
 - Your path to business creation success
 - 1. Plan Your Business
 - 2. Create Your Content
 - 3. Launch and Grow
]]></system-out>
  </testcase>
  <testcase name="headingsArePresentAndNonEmpty[packages, https://jiteconsult.com/packages](3)" classname="org.example.HeadingsTest" time="1.353">
    <system-out><![CDATA[
=== packages === https://jiteconsult.com/packages
H1 visible non-empty: tag=1, aria(level=1)=1
Headings found: 2
 - Packages
 - Choose your path to success
]]></system-out>
  </testcase>
  <testcase name="headingsArePresentAndNonEmpty[coaching, https://jiteconsult.com/coaching](4)" classname="org.example.HeadingsTest" time="1.388">
    <system-out><![CDATA[
=== coaching === https://jiteconsult.com/coaching
H1 visible non-empty: tag=1, aria(level=1)=1
Headings found: 5
 - Personalized Coaching Services
 - One-on-One Support
 - Coaching Calls
 - Success Stories
 - Coaching
]]></system-out>
  </testcase>
  <testcase name="headingsArePresentAndNonEmpty[our-mission, https://jiteconsult.com/our-mission](5)" classname="org.example.HeadingsTest" time="1.311">
    <system-out><![CDATA[
=== our-mission === https://jiteconsult.com/our-mission
H1 visible non-empty: tag=1, aria(level=1)=1
Headings found: 1
 - Our mission
]]></system-out>
  </testcase>
  <testcase name="headingsArePresentAndNonEmpty[about-us, https://jiteconsult.com/about-us](6)" classname="org.example.HeadingsTest" time="1.594">
    <system-out><![CDATA[
=== about-us === https://jiteconsult.com/about-us
H1 visible non-empty: tag=1, aria(level=1)=1
Headings found: 2
 - About us
 - About me
]]></system-out>
  </testcase>
  <testcase name="headingsArePresentAndNonEmpty[contact, https://jiteconsult.com/contact](7)" classname="org.example.HeadingsTest" time="1.371">
    <system-out><![CDATA[
=== contact === https://jiteconsult.com/contact
H1 visible non-empty: tag=1, aria(level=1)=1
Headings found: 2
 - Contact
 - CONTACT US
]]></system-out>
  </testcase>
</testsuite>