<?xml version="1.0" encoding="UTF-8"?>
<testng-results ignored="0" total="7" passed="7" failed="0" skipped="0">
  <reporter-output>
  </reporter-output>
  <suite started-at="2025-12-29T11:36:34 CET" name="Smoke Suite" finished-at="2025-12-29T11:36:49 CET" duration-ms="15047">
    <groups>
      <group name="ui">
        <method signature="HeadingsTest.headingsArePresentAndNonEmpty(java.lang.String,java.lang.String)[pri:0, instance:org.example.HeadingsTest@1ab3a8c8]" name="headingsArePresentAndNonEmpty" class="org.example.HeadingsTest"/>
      </group> <!-- ui -->
      <group name="smoke">
        <method signature="HeadingsTest.headingsArePresentAndNonEmpty(java.lang.String,java.lang.String)[pri:0, instance:org.example.HeadingsTest@1ab3a8c8]" name="headingsArePresentAndNonEmpty" class="org.example.HeadingsTest"/>
      </group> <!-- smoke -->
    </groups>
    <test started-at="2025-12-29T11:36:34 CET" name="UI Smoke" finished-at="2025-12-29T11:36:49 CET" duration-ms="15047">
      <class name="org.example.HeadingsTest">
        <test-method is-config="true" signature="beforeSuite()[pri:0, instance:org.example.HeadingsTest@1ab3a8c8]" started-at="2025-12-29T11:36:30 CET" name="beforeSuite" finished-at="2025-12-29T11:36:34 CET" duration-ms="3235" status="PASS">
          <reporter-output>
          </reporter-output>
        </test-method> <!-- beforeSuite -->
        <test-method is-config="true" signature="beforeMethod(org.testng.ITestResult)[pri:0, instance:org.example.HeadingsTest@1ab3a8c8]" started-at="2025-12-29T11:36:34 CET" name="beforeMethod" finished-at="2025-12-29T11:36:34 CET" duration-ms="196" status="PASS">
          <params>
            <param index="0">
              <value>
                <![CDATA[[TestResult name={null} status=CREATED method=HeadingsTest.headingsArePresentAndNonEmpty(java.lang.String,java.lang.String)[pri:0, instance:org.example.HeadingsTest@1ab3a8c8] output={null}]]]>
              </value>
            </param>
          </params>
          <reporter-output>
          </reporter-output>
        </test-method> <!-- beforeMethod -->
        <test-method signature="headingsArePresentAndNonEmpty(java.lang.String,java.lang.String)[pri:0, instance:org.example.HeadingsTest@1ab3a8c8]" started-at="2025-12-29T11:36:34 CET" name="headingsArePresentAndNonEmpty" data-provider="pages" finished-at="2025-12-29T11:36:38 CET" duration-ms="4470" status="PASS">
          <params>
            <param index="0">
              <value>
                <![CDATA[home]]>
              </value>
            </param>
            <param index="1">
              <value>
                <![CDATA[https://jiteconsult.com/]]>
              </value>
            </param>
          </params>
          <reporter-output>
          </reporter-output>
        </test-method> <!-- headingsArePresentAndNonEmpty -->
        <test-method is-config="true" signature="afterMethod(org.testng.ITestResult)[pri:0, instance:org.example.HeadingsTest@1ab3a8c8]" started-at="2025-12-29T11:36:38 CET" name="afterMethod" finished-at="2025-12-29T11:36:39 CET" duration-ms="312" status="PASS">
          <params>
            <param index="0">
              <value>
                <![CDATA[[TestResult name=headingsArePresentAndNonEmpty status=SUCCESS method=HeadingsTest.headingsArePresentAndNonEmpty(java.lang.String,java.lang.String)[pri:0, instance:org.example.HeadingsTest@1ab3a8c8] output={null}]]]>
              </value>
            </param>
          </params>
          <reporter-output>
          </reporter-output>
        </test-method> <!-- afterMethod -->
        <test-method is-config="true" signature="beforeMethod(org.testng.ITestResult)[pri:0, instance:org.example.HeadingsTest@1ab3a8c8]" started-at="2025-12-29T11:36:39 CET" name="beforeMethod" finished-at="2025-12-29T11:36:39 CET" duration-ms="68" status="PASS">
          <params>
            <param index="0">
              <value>
                <![CDATA[[TestResult name={null} status=CREATED method=HeadingsTest.headingsArePresentAndNonEmpty(java.lang.String,java.lang.String)[pri:0, instance:org.example.HeadingsTest@1ab3a8c8] output={null}]]]>
              </value>
            </param>
          </params>
          <reporter-output>
          </reporter-output>
        </test-method> <!-- beforeMethod -->
        <test-method signature="headingsArePresentAndNonEmpty(java.lang.String,java.lang.String)[pri:0, instance:org.example.HeadingsTest@1ab3a8c8]" started-at="2025-12-29T11:36:39 CET" name="headingsArePresentAndNonEmpty" data-provider="pages" finished-at="2025-12-29T11:36:40 CET" duration-ms="1395" status="PASS">
          <params>
            <param index="0">
              <value>
                <![CDATA[how-it-works]]>
              </value>
            </param>
            <param index="1">
              <value>
                <![CDATA[https://jiteconsult.com/how-it-works]]>
              </value>
            </param>
          </params>
          <reporter-output>
          </reporter-output>
        </test-method> <!-- headingsArePresentAndNonEmpty -->
        <test-method is-config="true" signature="afterMethod(org.testng.ITestResult)[pri:0, instance:org.example.HeadingsTest@1ab3a8c8]" started-at="2025-12-29T11:36:40 CET" name="afterMethod" finished-at="2025-12-29T11:36:40 CET" duration-ms="202" status="PASS">
          <params>
            <param index="0">
              <value>
                <![CDATA[[TestResult name=headingsArePresentAndNonEmpty status=SUCCESS method=HeadingsTest.headingsArePresentAndNonEmpty(java.lang.String,java.lang.String)[pri:0, instance:org.example.HeadingsTest@1ab3a8c8] output={null}]]]>
              </value>
            </param>
          </params>
          <reporter-output>
          </reporter-output>
        </test-method> <!-- afterMethod -->
        <test-method is-config="true" signature="beforeMethod(org.testng.ITestResult)[pri:0, instance:org.example.HeadingsTest@1ab3a8c8]" started-at="2025-12-29T11:36:40 CET" name="beforeMethod" finished-at="2025-12-29T11:36:40 CET" duration-ms="61" status="PASS">
          <params>
            <param index="0">
              <value>
                <![CDATA[[TestResult name={null} status=CREATED method=HeadingsTest.headingsArePresentAndNonEmpty(java.lang.String,java.lang.String)[pri:0, instance:org.example.HeadingsTest@1ab3a8c8] output={null}]]]>
              </value>
            </param>
          </params>
          <reporter-output>
          </reporter-output>
        </test-method> <!-- beforeMethod -->
        <test-method signature="headingsArePresentAndNonEmpty(java.lang.String,java.lang.String)[pri:0, instance:org.example.HeadingsTest@1ab3a8c8]" started-at="2025-12-29T11:36:40 CET" name="headingsArePresentAndNonEmpty" data-provider="pages" finished-at="2025-12-29T11:36:42 CET" duration-ms="1349" status="PASS">
          <params>
            <param index="0">
              <value>
                <![CDATA[packages]]>
              </value>
            </param>
            <param index="1">
              <value>
                <![CDATA[https://jiteconsult.com/packages]]>
              </value>
            </param>
          </params>
          <reporter-output>
          </reporter-output>
        </test-method> <!-- headingsArePresentAndNonEmpty -->
        <test-method is-config="true" signature="afterMethod(org.testng.ITestResult)[pri:0, instance:org.example.HeadingsTest@1ab3a8c8]" started-at="2025-12-29T11:36:42 CET" name="afterMethod" finished-at="2025-12-29T11:36:42 CET" duration-ms="147" status="PASS">
          <params>
            <param index="0">
              <value>
                <![CDATA[[TestResult name=headingsArePresentAndNonEmpty status=SUCCESS method=HeadingsTest.headingsArePresentAndNonEmpty(java.lang.String,java.lang.String)[pri:0, instance:org.example.HeadingsTest@1ab3a8c8] output={null}]]]>
              </value>
            </param>
          </params>
          <reporter-output>
          </reporter-output>
        </test-method> <!-- afterMethod -->
        <test-method is-config="true" signature="beforeMethod(org.testng.ITestResult)[pri:0, instance:org.example.HeadingsTest@1ab3a8c8]" started-at="2025-12-29T11:36:42 CET" name="beforeMethod" finished-at="2025-12-29T11:36:42 CET" duration-ms="68" status="PASS">
          <params>
            <param index="0">
              <value>
                <![CDATA[[TestResult name={null} status=CREATED method=HeadingsTest.headingsArePresentAndNonEmpty(java.lang.String,java.lang.String)[pri:0, instance:org.example.HeadingsTest@1ab3a8c8] output={null}]]]>
              </value>
            </param>
          </params>
          <reporter-output>
          </reporter-output>
        </test-method> <!-- beforeMethod -->
        <test-method signature="headingsArePresentAndNonEmpty(java.lang.String,java.lang.String)[pri:0, instance:org.example.HeadingsTest@1ab3a8c8]" started-at="2025-12-29T11:36:42 CET" name="headingsArePresentAndNonEmpty" data-provider="pages" finished-at="2025-12-29T11:36:43 CET" duration-ms="1383" status="PASS">
          <params>
            <param index="0">
              <value>
                <![CDATA[coaching]]>
              </value>
            </param>
            <param index="1">
              <value>
                <![CDATA[https://jiteconsult.com/coaching]]>
              </value>
            </param>
          </params>
          <reporter-output>
          </reporter-output>
        </test-method> <!-- headingsArePresentAndNonEmpty -->
        <test-method is-config="true" signature="afterMethod(org.testng.ITestResult)[pri:0, instance:org.example.HeadingsTest@1ab3a8c8]" started-at="2025-12-29T11:36:43 CET" name="afterMethod" finished-at="2025-12-29T11:36:43 CET" duration-ms="238" status="PASS">
          <params>
            <param index="0">
              <value>
                <![CDATA[[TestResult name=headingsArePresentAndNonEmpty status=SUCCESS method=HeadingsTest.headingsArePresentAndNonEmpty(java.lang.String,java.lang.String)[pri:0, instance:org.example.HeadingsTest@1ab3a8c8] output={null}]]]>
              </value>
            </param>
          </params>
          <reporter-output>
          </reporter-output>
        </test-method> <!-- afterMethod -->
        <test-method is-config="true" signature="beforeMethod(org.testng.ITestResult)[pri:0, instance:org.example.HeadingsTest@1ab3a8c8]" started-at="2025-12-29T11:36:43 CET" name="beforeMethod" finished-at="2025-12-29T11:36:44 CET" duration-ms="61" status="PASS">
          <params>
            <param index="0">
              <value>
                <![CDATA[[TestResult name={null} status=CREATED method=HeadingsTest.headingsArePresentAndNonEmpty(java.lang.String,java.lang.String)[pri:0, instance:org.example.HeadingsTest@1ab3a8c8] output={null}]]]>
              </value>
            </param>
          </params>
          <reporter-output>
          </reporter-output>
        </test-method> <!-- beforeMethod -->
        <test-method signature="headingsArePresentAndNonEmpty(java.lang.String,java.lang.String)[pri:0, instance:org.example.HeadingsTest@1ab3a8c8]" started-at="2025-12-29T11:36:44 CET" name="headingsArePresentAndNonEmpty" data-provider="pages" finished-at="2025-12-29T11:36:45 CET" duration-ms="1308" status="PASS">
          <params>
            <param index="0">
              <value>
                <![CDATA[our-mission]]>
              </value>
            </param>
            <param index="1">
              <value>
                <![CDATA[https://jiteconsult.com/our-mission]]>
              </value>
            </param>
          </params>
          <reporter-output>
          </reporter-output>
        </test-method> <!-- headingsArePresentAndNonEmpty -->
        <test-method is-config="true" signature="afterMethod(org.testng.ITestResult)[pri:0, instance:org.example.HeadingsTest@1ab3a8c8]" started-at="2025-12-29T11:36:45 CET" name="afterMethod" finished-at="2025-12-29T11:36:45 CET" duration-ms="122" status="PASS">
          <params>
            <param index="0">
              <value>
                <![CDATA[[TestResult name=headingsArePresentAndNonEmpty status=SUCCESS method=HeadingsTest.headingsArePresentAndNonEmpty(java.lang.String,java.lang.String)[pri:0, instance:org.example.HeadingsTest@1ab3a8c8] output={null}]]]>
              </value>
            </param>
          </params>
          <reporter-output>
          </reporter-output>
        </test-method> <!-- afterMethod -->
        <test-method is-config="true" signature="beforeMethod(org.testng.ITestResult)[pri:0, instance:org.example.HeadingsTest@1ab3a8c8]" started-at="2025-12-29T11:36:45 CET" name="beforeMethod" finished-at="2025-12-29T11:36:45 CET" duration-ms="50" status="PASS">
          <params>
            <param index="0">
              <value>
                <![CDATA[[TestResult name={null} status=CREATED method=HeadingsTest.headingsArePresentAndNonEmpty(java.lang.String,java.lang.String)[pri:0, instance:org.example.HeadingsTest@1ab3a8c8] output={null}]]]>
              </value>
            </param>
          </params>
          <reporter-output>
          </reporter-output>
        </test-method> <!-- beforeMethod -->
        <test-method signature="headingsArePresentAndNonEmpty(java.lang.String,java.lang.String)[pri:0, instance:org.example.HeadingsTest@1ab3a8c8]" started-at="2025-12-29T11:36:45 CET" name="headingsArePresentAndNonEmpty" data-provider="pages" finished-at="2025-12-29T11:36:47 CET" duration-ms="1587" status="PASS">
          <params>
            <param index="0">
              <value>
                <![CDATA[about-us]]>
              </value>
            </param>
            <param index="1">
              <value>
                <![CDATA[https://jiteconsult.com/about-us]]>
              </value>
            </param>
          </params>
          <reporter-output>
          </reporter-output>
        </test-method> <!-- headingsArePresentAndNonEmpty -->
        <test-method is-config="true" signature="afterMethod(org.testng.ITestResult)[pri:0, instance:org.example.HeadingsTest@1ab3a8c8]" started-at="2025-12-29T11:36:47 CET" name="afterMethod" finished-at="2025-12-29T11:36:47 CET" duration-ms="416" status="PASS">
          <params>
            <param index="0">
              <value>
                <![CDATA[[TestResult name=headingsArePresentAndNonEmpty status=SUCCESS method=HeadingsTest.headingsArePresentAndNonEmpty(java.lang.String,java.lang.String)[pri:0, instance:org.example.HeadingsTest@1ab3a8c8] output={null}]]]>
              </value>
            </param>
          </params>
          <reporter-output>
          </reporter-output>
        </test-method> <!-- afterMethod -->
        <test-method is-config="true" signature="beforeMethod(org.testng.ITestResult)[pri:0, instance:org.example.HeadingsTest@1ab3a8c8]" started-at="2025-12-29T11:36:47 CET" name="beforeMethod" finished-at="2025-12-29T11:36:47 CET" duration-ms="62" status="PASS">
          <params>
            <param index="0">
              <value>
                <![CDATA[[TestResult name={null} status=CREATED method=HeadingsTest.headingsArePresentAndNonEmpty(java.lang.String,java.lang.String)[pri:0, instance:org.example.HeadingsTest@1ab3a8c8] output={null}]]]>
              </value>
            </param>
          </params>
          <reporter-output>
          </reporter-output>
        </test-method> <!-- beforeMethod -->
        <test-method signature="headingsArePresentAndNonEmpty(java.lang.String,java.lang.String)[pri:0, instance:org.example.HeadingsTest@1ab3a8c8]" started-at="2025-12-29T11:36:47 CET" name="headingsArePresentAndNonEmpty" data-provider="pages" finished-at="2025-12-29T11:36:48 CET" duration-ms="1372" status="PASS">
          <params>
            <param index="0">
              <value>
                <![CDATA[contact]]>
              </value>
            </param>
            <param index="1">
              <value>
                <![CDATA[https://jiteconsult.com/contact]]>
              </value>
            </param>
          </params>
          <reporter-output>
          </reporter-output>
        </test-method> <!-- headingsArePresentAndNonEmpty -->
        <test-method is-config="true" signature="afterMethod(org.testng.ITestResult)[pri:0, instance:org.example.HeadingsTest@1ab3a8c8]" started-at="2025-12-29T11:36:48 CET" name="afterMethod" finished-at="2025-12-29T11:36:49 CET" duration-ms="137" status="PASS">
          <params>
            <param index="0">
              <value>
                <![CDATA[[TestResult name=headingsArePresentAndNonEmpty status=SUCCESS method=HeadingsTest.headingsArePresentAndNonEmpty(java.lang.String,java.lang.String)[pri:0, instance:org.example.HeadingsTest@1ab3a8c8] output={null}]]]>
              </value>
            </param>
          </params>
          <reporter-output>
          </reporter-output>
        </test-method> <!-- afterMethod -->
        <test-method is-config="true" signature="afterSuite()[pri:0, instance:org.example.HeadingsTest@1ab3a8c8]" started-at="2025-12-29T11:36:49 CET" name="afterSuite" finished-at="2025-12-29T11:36:49 CET" duration-ms="111" status="PASS">
          <reporter-output>
          </reporter-output>
        </test-method> <!-- afterSuite -->
      </class> <!-- org.example.HeadingsTest -->
    </test> <!-- UI Smoke -->
  </suite> <!-- Smoke Suite -->
</testng-results>
