<?xml version="1.0" encoding="UTF-8"?>
<testsuite xmlns:xsi="http://www.w3.org/2001/XMLSchema-instance" xsi:noNamespaceSchemaLocation="https://maven.apache.org/surefire/maven-surefire-plugin/xsd/surefire-test-report.xsd" version="3.0.2" name="org.example.ExampleTest" time="6.215" tests="1" errors="0" skipped="0" failures="0">
  <properties>
[...]
</properties>
  <testcase name="opensExampleDotCom" classname="org.example.ExampleTest" time="5.964">
    <system-out><![CDATA[Final URL: https://example.com/
Title    : Example Domain
]]></system-out>
  </testcase>
</testsuite>