<?xml version="1.0" encoding="UTF-8"?>
<!-- Generated by org.testng.reporters.JUnitReportReporter -->
<testsuite hostname="VivoLaViva" failures="0" tests="7" name="org.example.HeadingsTest" time="15.004" errors="0" timestamp="2025-12-29T11:36:49 CET" skipped="0">
  <testcase classname="org.example.HeadingsTest" name="headingsArePresentAndNonEmpty" time="1.506"/>
  <testcase classname="org.example.HeadingsTest" name="headingsArePresentAndNonEmpty" time="1.689"/>
  <testcase classname="org.example.HeadingsTest" name="headingsArePresentAndNonEmpty" time="1.873"/>
  <testcase classname="org.example.HeadingsTest" name="headingsArePresentAndNonEmpty" time="1.562"/>
  <testcase classname="org.example.HeadingsTest" name="headingsArePresentAndNonEmpty" time="1.857"/>
  <testcase classname="org.example.HeadingsTest" name="headingsArePresentAndNonEmpty" time="1.850"/>
  <testcase classname="org.example.HeadingsTest" name="headingsArePresentAndNonEmpty" time="4.667"/>
</testsuite> <!-- org.example.HeadingsTest -->
